<?xml version="1.0" encoding="UTF-8"?>
<robot generator="Robot 3.1.2 (Python 3.8.4 on darwin)" generated="20210415 10:49:50.396" rpa="false">
<suite id="s1" name="test 3 Grid multi device" source="/Users/jduval/Downloads/automated-channel-testing/RobotLibrary/multipleDevices/test_3_Grid_multi_device.robot">
<test id="s1-t1" name="Verify is channel launched">
<kw name="Launch the channel" library="RobotLibrary">
<arguments>
<arg>${channel_code}</arg>
</arguments>
<msg timestamp="20210415 10:49:50.527" level="FAIL">Invalid sessionId</msg>
<status status="FAIL" starttime="20210415 10:49:50.522" endtime="20210415 10:49:50.527"></status>
</kw>
<status status="FAIL" starttime="20210415 10:49:50.522" endtime="20210415 10:49:50.528" critical="yes">Invalid sessionId</status>
</test>
<test id="s1-t2" name="Verify is initial screen loaded">
<kw name="Verify is screen loaded" library="RobotLibrary">
<arguments>
<arg>${GridParams}</arg>
</arguments>
<msg timestamp="20210415 10:50:00.613" level="INFO">{'elementData': [{'using': 'tag', 'value': 'GridView'}]}</msg>
<msg timestamp="20210415 10:50:00.614" level="FAIL">Can't find element</msg>
<status status="FAIL" starttime="20210415 10:49:50.528" endtime="20210415 10:50:00.614"></status>
</kw>
<status status="FAIL" starttime="20210415 10:49:50.528" endtime="20210415 10:50:00.614" critical="yes">Can't find element</status>
</test>
<test id="s1-t3" name="Verify posters">
<kw name="Get elements" library="RobotLibrary">
<arguments>
<arg>${PosterParams}</arg>
<arg>4</arg>
</arguments>
<assign>
<var>@{elements}</var>
</assign>
<msg timestamp="20210415 10:50:04.628" level="FAIL">Invalid sessionId</msg>
<status status="FAIL" starttime="20210415 10:50:00.615" endtime="20210415 10:50:04.628"></status>
</kw>
<status status="FAIL" starttime="20210415 10:50:00.614" endtime="20210415 10:50:04.628" critical="yes">Invalid sessionId</status>
</test>
<doc>Test 2</doc>
<status status="FAIL" starttime="20210415 10:49:50.404" endtime="20210415 10:50:04.629"></status>
</suite>
<statistics>
<total>
<stat pass="0" fail="3">Critical Tests</stat>
<stat pass="0" fail="3">All Tests</stat>
</total>
<tag>
</tag>
<suite>
<stat pass="0" fail="3" id="s1" name="test 3 Grid multi device">test 3 Grid multi device</stat>
</suite>
</statistics>
<errors>
</errors>
</robot>
