<?xml version="1.0" encoding="UTF-8"?>
<robot generator="Robot 3.1.2 (Python 3.8.4 on darwin)" generated="20210415 10:51:51.937" rpa="false">
<suite id="s1" name="test 3 Grid multi device" source="/Users/jduval/Downloads/automated-channel-testing/RobotLibrary/multipleDevices/test_3_Grid_multi_device.robot">
<test id="s1-t1" name="Verify is channel launched">
<kw name="Launch the channel" library="RobotLibrary">
<arguments>
<arg>${channel_code}</arg>
</arguments>
<status status="PASS" starttime="20210415 10:51:52.066" endtime="20210415 10:51:54.070"></status>
</kw>
<kw name="Verify is channel loaded" library="RobotLibrary">
<arguments>
<arg>${channel_code}</arg>
</arguments>
<status status="PASS" starttime="20210415 10:51:54.070" endtime="20210415 10:51:54.081"></status>
</kw>
<status status="PASS" starttime="20210415 10:51:52.066" endtime="20210415 10:51:54.081" critical="yes"></status>
</test>
<test id="s1-t2" name="Verify is initial screen loaded">
<kw name="Verify is screen loaded" library="RobotLibrary">
<arguments>
<arg>${GridParams}</arg>
</arguments>
<msg timestamp="20210415 10:51:55.146" level="INFO">{'elementData': [{'using': 'tag', 'value': 'GridView'}]}</msg>
<status status="PASS" starttime="20210415 10:51:54.082" endtime="20210415 10:51:55.146"></status>
</kw>
<status status="PASS" starttime="20210415 10:51:54.082" endtime="20210415 10:51:55.146" critical="yes"></status>
</test>
<test id="s1-t3" name="Verify posters">
<kw name="Get elements" library="RobotLibrary">
<arguments>
<arg>${PosterParams}</arg>
<arg>4</arg>
</arguments>
<assign>
<var>@{elements}</var>
</assign>
<msg timestamp="20210415 10:51:59.197" level="INFO">@{elements} = [ {'XMLName': {'Space': '', 'Local': 'Poster'}, 'Attrs': [{'Name': {'Space': '', 'Local': 'bounds'}, 'Value': '{0, 0, 257.778, 145}'}, {'Name': {'Space': '', 'Local': 'index'}, 'Value': '0'}, {'Name':...</msg>
<status status="PASS" starttime="20210415 10:51:55.147" endtime="20210415 10:51:59.197"></status>
</kw>
<kw name="Get attribute" library="RobotLibrary">
<arguments>
<arg>${elements[0]}</arg>
<arg>uri</arg>
</arguments>
<assign>
<var>${realPoster1}</var>
</assign>
<msg timestamp="20210415 10:51:59.198" level="INFO">${realPoster1} = pkg:/images/splash_hd.jpg</msg>
<status status="PASS" starttime="20210415 10:51:59.198" endtime="20210415 10:51:59.198"></status>
</kw>
<kw name="Run Keyword If" library="BuiltIn">
<doc>Runs the given keyword with the given arguments, if ``condition`` is true.</doc>
<arguments>
<arg>"${realPoster1}" != "${poster1}"</arg>
<arg>Fail</arg>
</arguments>
<kw name="Fail" library="BuiltIn">
<doc>Fails the test with the given message and optionally alters its tags.</doc>
<msg timestamp="20210415 10:51:59.199" level="FAIL">AssertionError</msg>
<status status="FAIL" starttime="20210415 10:51:59.199" endtime="20210415 10:51:59.199"></status>
</kw>
<status status="FAIL" starttime="20210415 10:51:59.198" endtime="20210415 10:51:59.199"></status>
</kw>
<status status="FAIL" starttime="20210415 10:51:55.146" endtime="20210415 10:51:59.199" critical="yes">AssertionError</status>
</test>
<doc>Test 2</doc>
<status status="FAIL" starttime="20210415 10:51:51.942" endtime="20210415 10:51:59.200"></status>
</suite>
<statistics>
<total>
<stat pass="2" fail="1">Critical Tests</stat>
<stat pass="2" fail="1">All Tests</stat>
</total>
<tag>
</tag>
<suite>
<stat pass="2" fail="1" id="s1" name="test 3 Grid multi device">test 3 Grid multi device</stat>
</suite>
</statistics>
<errors>
</errors>
</robot>
