<?xml version="1.0" encoding="UTF-8"?>
<robot generator="Robot 3.1.2 (Python 3.8.4 on darwin)" generated="20210415 10:51:51.935" rpa="false">
<suite id="s1" name="test 3 Grid multi device" source="/Users/jduval/Downloads/automated-channel-testing/RobotLibrary/multipleDevices/test_3_Grid_multi_device.robot">
<test id="s1-t1" name="Verify is channel launched">
<kw name="Launch the channel" library="RobotLibrary">
<arguments>
<arg>${channel_code}</arg>
</arguments>
<status status="PASS" starttime="20210415 10:51:52.080" endtime="20210415 10:51:53.197"></status>
</kw>
<kw name="Verify is channel loaded" library="RobotLibrary">
<arguments>
<arg>${channel_code}</arg>
</arguments>
<status status="PASS" starttime="20210415 10:51:53.197" endtime="20210415 10:51:53.215"></status>
</kw>
<status status="PASS" starttime="20210415 10:51:52.079" endtime="20210415 10:51:53.215" critical="yes"></status>
</test>
<test id="s1-t2" name="Verify is initial screen loaded">
<kw name="Verify is screen loaded" library="RobotLibrary">
<arguments>
<arg>${GridParams}</arg>
</arguments>
<msg timestamp="20210415 10:52:04.011" level="INFO">{'elementData': [{'using': 'tag', 'value': 'GridView'}]}</msg>
<msg timestamp="20210415 10:52:04.012" level="FAIL">Can't find element</msg>
<status status="FAIL" starttime="20210415 10:51:53.216" endtime="20210415 10:52:04.012"></status>
</kw>
<status status="FAIL" starttime="20210415 10:51:53.216" endtime="20210415 10:52:04.013" critical="yes">Can't find element</status>
</test>
<test id="s1-t3" name="Verify posters">
<kw name="Get elements" library="RobotLibrary">
<arguments>
<arg>${PosterParams}</arg>
<arg>4</arg>
</arguments>
<assign>
<var>@{elements}</var>
</assign>
<msg timestamp="20210415 10:52:08.038" level="FAIL">An element could not be located on the screen using the given search parameters</msg>
<status status="FAIL" starttime="20210415 10:52:04.013" endtime="20210415 10:52:08.038"></status>
</kw>
<status status="FAIL" starttime="20210415 10:52:04.013" endtime="20210415 10:52:08.038" critical="yes">An element could not be located on the screen using the given search parameters</status>
</test>
<doc>Test 2</doc>
<status status="FAIL" starttime="20210415 10:51:51.942" endtime="20210415 10:52:08.039"></status>
</suite>
<statistics>
<total>
<stat pass="1" fail="2">Critical Tests</stat>
<stat pass="1" fail="2">All Tests</stat>
</total>
<tag>
</tag>
<suite>
<stat pass="1" fail="2" id="s1" name="test 3 Grid multi device">test 3 Grid multi device</stat>
</suite>
</statistics>
<errors>
</errors>
</robot>
